#
# There is insufficient memory for the Java Runtime Environment to continue.
# Native memory allocation (malloc) failed to allocate 1048576 bytes for AllocateHeap
# Possible reasons:
#   The system is out of physical RAM or swap space
#   The process is running with CompressedOops enabled, and the Java Heap may be blocking the growth of the native heap
# Possible solutions:
#   Reduce memory load on the system
#   Increase physical memory or swap space
#   Check if swap backing store is full
#   Decrease Java heap size (-Xmx/-Xms)
#   Decrease number of Java threads
#   Decrease Java thread stack sizes (-Xss)
#   Set larger code cache with -XX:ReservedCodeCacheSize=
#   JVM is running with Unscaled Compressed Oops mode in which the Java heap is
#     placed in the first 4GB address space. The Java Heap base address is the
#     maximum limit for the native heap growth. Please use -XX:HeapBaseMinAddress
#     to set the Java Heap base and to place the Java Heap above 4GB virtual address.
# This output file may be truncated or incomplete.
#
#  Out of Memory Error (t:/workspace/open/src/hotspot/share/memory/allocation.cpp:46), pid=16736, tid=22548
#
# JRE version:  (11.0.2+9) (build )
# Java VM: Java HotSpot(TM) 64-Bit Server VM (11.0.2+9-LTS, mixed mode, aot, sharing, tiered, compressed oops, g1 gc, windows-amd64)
# No core dump will be written. Minidumps are not enabled by default on client versions of Windows
#

---------------  S U M M A R Y ------------

Command Line: -Dfile.encoding=UTF-8 p¿À¸ñ.WDB

Host: Intel(R) Core(TM) i7-7700 CPU @ 3.60GHz, 8 cores, 7G,  Windows 10 , 64 bit Build 18362 (10.0.18362.329)
Time: Mon Nov 25 21:33:53 2019 ¢¥eCN©öI¡¾©ö C¡ÍA¨ª¨öA elapsed time: 0 seconds (0d 0h 0m 0s)

---------------  T H R E A D  ---------------

Current thread (0x00000259cac91800):  JavaThread "Unknown thread" [_thread_in_vm, id=22548, stack(0x000000f454100000,0x000000f454200000)]

Stack: [0x000000f454100000,0x000000f454200000]
Native frames: (J=compiled Java code, j=interpreted, Vv=VM code, C=native code)
V  [jvm.dll+0x63574a]
V  [jvm.dll+0x77326f]
V  [jvm.dll+0x77491a]
V  [jvm.dll+0x774fd3]
V  [jvm.dll+0x25e418]
V  [jvm.dll+0xb9ba4]
V  [jvm.dll+0x2ed673]
V  [jvm.dll+0x74c807]
V  [jvm.dll+0x74df5f]
V  [jvm.dll+0x373179]
V  [jvm.dll+0x732eb9]
V  [jvm.dll+0x3e295d]
V  [jvm.dll+0x3e4c61]
C  [javaw.exe+0x3617]
C  [javaw.exe+0x17e2c]
C  [KERNEL32.DLL+0x17bd4]
C  [ntdll.dll+0x6ced1]


---------------  P R O C E S S  ---------------

Threads class SMR info:
_java_thread_list=0x00000259c8af4fa0, length=0, elements={
}

Java Threads: ( => current thread )

Other Threads:

[error occurred during error reporting (printing all threads), id 0xc0000005, EXCEPTION_ACCESS_VIOLATION (0xc0000005) at pc=0x00007ff9271a7c5d]

VM state:not at safepoint (not fully initialized)

VM Mutex/Monitor currently owned by a thread: None


[error occurred during error reporting (printing compressed oops mode), id 0xc0000005, EXCEPTION_ACCESS_VIOLATION (0xc0000005) at pc=0x00007ff9271bd5d7]

GC Heap History (0 events):
No events

Deoptimization events (0 events):
No events

Classes redefined (0 events):
No events

Internal exceptions (0 events):
No events

Events (0 events):
No events


Dynamic libraries:
0x00007ff7aa750000 - 0x00007ff7aa797000 	C:\Program Files\Java\jdk-11.0.2\bin\javaw.exe
0x00007ff984160000 - 0x00007ff984350000 	C:\WINDOWS\SYSTEM32\ntdll.dll
0x00007ff982c20000 - 0x00007ff982cd2000 	C:\WINDOWS\System32\KERNEL32.DLL
0x00007ff981730000 - 0x00007ff9819d3000 	C:\WINDOWS\System32\KERNELBASE.dll
0x00007ff983f40000 - 0x00007ff983fe3000 	C:\WINDOWS\System32\ADVAPI32.dll
0x00007ff983d00000 - 0x00007ff983d9e000 	C:\WINDOWS\System32\msvcrt.dll
0x00007ff983bf0000 - 0x00007ff983c87000 	C:\WINDOWS\System32\sechost.dll
0x00007ff983710000 - 0x00007ff983830000 	C:\WINDOWS\System32\RPCRT4.dll
0x00007ff983da0000 - 0x00007ff983f34000 	C:\WINDOWS\System32\USER32.dll
0x00007ff9819e0000 - 0x00007ff981a01000 	C:\WINDOWS\System32\win32u.dll
0x00007ff982ad0000 - 0x00007ff982af6000 	C:\WINDOWS\System32\GDI32.dll
0x00007ff9813f0000 - 0x00007ff981584000 	C:\WINDOWS\System32\gdi32full.dll
0x00007ff981610000 - 0x00007ff9816ae000 	C:\WINDOWS\System32\msvcp_win.dll
0x00007ff9810f0000 - 0x00007ff9811ea000 	C:\WINDOWS\System32\ucrtbase.dll
0x00007ff974df0000 - 0x00007ff975075000 	C:\WINDOWS\WinSxS\amd64_microsoft.windows.common-controls_6595b64144ccf1df_6.0.18362.476_none_e6c4b11b130f2595\COMCTL32.dll
0x00007ff9838b0000 - 0x00007ff983be6000 	C:\WINDOWS\System32\combase.dll
0x00007ff97b490000 - 0x00007ff97b49a000 	C:\WINDOWS\SYSTEM32\VERSION.dll
0x00007ff981590000 - 0x00007ff981610000 	C:\WINDOWS\System32\bcryptPrimitives.dll
0x00007ff9836e0000 - 0x00007ff98370e000 	C:\WINDOWS\System32\IMM32.DLL
0x00007ff96a900000 - 0x00007ff96a916000 	C:\Program Files\Java\jdk-11.0.2\bin\vcruntime140.dll
0x00007ff932550000 - 0x00007ff9325fa000 	C:\Program Files\Java\jdk-11.0.2\bin\msvcp140.dll
0x00007ff926a70000 - 0x00007ff927597000 	C:\Program Files\Java\jdk-11.0.2\bin\server\jvm.dll
0x00007ff9836d0000 - 0x00007ff9836d8000 	C:\WINDOWS\System32\PSAPI.DLL
0x00007ff9731a0000 - 0x00007ff9731a9000 	C:\WINDOWS\SYSTEM32\WSOCK32.dll
0x00007ff97eb50000 - 0x00007ff97eb74000 	C:\WINDOWS\SYSTEM32\WINMM.dll
0x00007ff983c90000 - 0x00007ff983cff000 	C:\WINDOWS\System32\WS2_32.dll
0x00007ff97e930000 - 0x00007ff97e95d000 	C:\WINDOWS\SYSTEM32\winmmbase.dll
0x00007ff9816b0000 - 0x00007ff9816fa000 	C:\WINDOWS\System32\cfgmgr32.dll
0x00007ff9810d0000 - 0x00007ff9810e1000 	C:\WINDOWS\System32\kernel.appcore.dll
0x00007ff97c500000 - 0x00007ff97c511000 	C:\Program Files\Java\jdk-11.0.2\bin\verify.dll
0x00007ff971e90000 - 0x00007ff972084000 	C:\WINDOWS\SYSTEM32\DBGHELP.DLL
0x00007ff971e60000 - 0x00007ff971e8a000 	C:\WINDOWS\SYSTEM32\dbgcore.DLL
0x00007ff975730000 - 0x00007ff975759000 	C:\Program Files\Java\jdk-11.0.2\bin\java.dll
0x00007ff979f90000 - 0x00007ff979fa6000 	C:\Program Files\Java\jdk-11.0.2\bin\zip.dll
0x00007ff97efd0000 - 0x00007ff97efda000 	C:\Program Files\Java\jdk-11.0.2\bin\jimage.dll

dbghelp: loaded successfully - version: 4.0.5 - missing functions: none
symbol engine: initialized successfully - sym options: 0x614 - pdb path: .;C:\Program Files\Java\jdk-11.0.2\bin;C:\WINDOWS\SYSTEM32;C:\WINDOWS\WinSxS\amd64_microsoft.windows.common-controls_6595b64144ccf1df_6.0.18362.476_none_e6c4b11b130f2595;C:\Program Files\Java\jdk-11.0.2\bin\server

VM Arguments:
jvm_args: -Dfile.encoding=UTF-8 
java_command: p¿À¸ñ.WDB
java_class_path (initial): D:\±è¹Î±Ô1401037\p¿À¸ñ\bin
Launcher Type: SUN_STANDARD

[Global flags]
     intx CICompilerCount                          = 4                                         {product} {ergonomic}
     uint G1ConcRefinementThreads                  = 8                                         {product} {ergonomic}
   size_t G1HeapRegionSize                         = 1048576                                   {product} {ergonomic}
    uintx GCDrainStackTargetSize                   = 64                                        {product} {ergonomic}
   size_t InitialHeapSize                          = 134217728                                 {product} {ergonomic}
   size_t MaxHeapSize                              = 2136997888                                {product} {ergonomic}
   size_t MinHeapDeltaBytes                        = 1048576                                   {product} {ergonomic}
    uintx NonNMethodCodeHeapSize                   = 5835340                                {pd product} {ergonomic}
    uintx NonProfiledCodeHeapSize                  = 122911450                              {pd product} {ergonomic}
    uintx ProfiledCodeHeapSize                     = 122911450                              {pd product} {ergonomic}
    uintx ReservedCodeCacheSize                    = 251658240                              {pd product} {ergonomic}
     bool SegmentedCodeCache                       = true                                      {product} {ergonomic}
     bool UseCompressedClassPointers               = true                                 {lp64_product} {ergonomic}
     bool UseCompressedOops                        = true                                 {lp64_product} {ergonomic}
     bool UseG1GC                                  = true                                      {product} {ergonomic}
     bool UseLargePagesIndividualAllocation        = false                                  {pd product} {ergonomic}

Logging:
Log output configuration:
 #0: stdout all=warning uptime,level,tags
 #1: stderr all=off uptime,level,tags

Environment Variables:
JAVA_HOME=C:\Program Files\Java\jdk-11.0.2
CLASSPATH=.
PATH=C:/Program Files/Java/jdk-11.0.2/bin/server;C:/Program Files/Java/jdk-11.0.2/bin;C:\oraclexe\app\oracle\product\11.2.0\server\bin;C:\Program Files\Java\jdk-11.0.2\bin;C:\Program Files (x86)\Common Files\Oracle\Java\javapath;C:\Program Files (x86)\Intel\Intel(R) Management Engine Components\iCLS\;C:\Program Files\Intel\Intel(R) Management Engine Components\iCLS\;C:\windows\system32;C:\windows;C:\windows\System32\Wbem;C:\windows\System32\WindowsPowerShell\v1.0\;C:\Program Files (x86)\NVIDIA Corporation\PhysX\Common;C:\Program Files (x86)\Intel\Intel(R) Management Engine Components\DAL;C:\Program Files\Intel\Intel(R) Management Engine Components\DAL;C:\Program Files (x86)\Intel\Intel(R) Management Engine Components\IPT;C:\Program Files\Intel\Intel(R) Management Engine Components\IPT;C:\WINDOWS\system32;C:\WINDOWS;C:\WINDOWS\System32\Wbem;C:\WINDOWS\System32\WindowsPowerShell\v1.0\;C:\WINDOWS\System32\OpenSSH\;C:\Program Files (x86)\Brackets\command;D:\nodejs\;C:\Users\bon320-10\AppData\Local\Microsoft\WindowsApps;C:\Users\bon320-10\AppData\Roaming\npm;C:\Users\bon320-10\AppData\Local\Programs\Microsoft VS Code\bin;;C:\Users\bon320-10\Desktop;
USERNAME=bon320-10
OS=Windows_NT
PROCESSOR_IDENTIFIER=Intel64 Family 6 Model 158 Stepping 9, GenuineIntel



---------------  S Y S T E M  ---------------

OS: Windows 10 , 64 bit Build 18362 (10.0.18362.329)

CPU:total 8 (initial active 8) (4 cores per cpu, 2 threads per core) family 6 model 158 stepping 9, cmov, cx8, fxsr, mmx, sse, sse2, sse3, ssse3, sse4.1, sse4.2, popcnt, avx, avx2, aes, clmul, erms, rtm, 3dnowpref, lzcnt, ht, tsc, tscinvbit, bmi1, bmi2, adx, fma

Memory: 4k page, system-wide physical 8147M (1917M free)
TotalPageFile size 23185M (AvailPageFile size 4M)
current process WorkingSet (physical memory assigned to process): 9M, peak: 9M
current process commit charge ("private bytes"): 15M, peak: 15M

vm_info: Java HotSpot(TM) 64-Bit Server VM (11.0.2+9-LTS) for windows-amd64 JRE (11.0.2+9-LTS), built on Jan 18 2019 05:24:10 by "mach5one" with MS VC++ 15.5 (VS2017)

END.
